c:\users\c00198551\desktop\typography\typography\debug\vc141.pdb
c:\users\c00198551\desktop\typography\typography\debug\vc141.idb
c:\users\c00198551\desktop\typography\typography\debug\licence.obj
c:\users\c00198551\desktop\typography\typography\debug\game.obj
c:\users\c00198551\desktop\typography\typography\debug\main.obj
c:\users\c00198551\desktop\typography\typography\debug\splash.obj
c:\users\c00198551\desktop\typography\typography\debug\credit.obj
c:\users\luuxiao\desktop\typography\typography\debug\vc141.pdb
c:\users\luuxiao\desktop\typography\typography\debug\vc141.idb
c:\users\luuxiao\desktop\typography\typography\debug\credit.obj
c:\users\luuxiao\desktop\typography\typography\debug\licence.obj
c:\users\luuxiao\desktop\typography\typography\debug\game.obj
c:\users\luuxiao\desktop\typography\typography\debug\main.obj
c:\users\luuxiao\desktop\typography\typography\debug\splash.obj
c:\users\c00198551\desktop\typography\debug\typography.ilk
c:\users\c00198551\desktop\typography\debug\typography.exe
c:\users\c00198551\desktop\typography\debug\typography.pdb
c:\users\luuxiao\desktop\typography\typography\debug\game.obj.enc
c:\users\luuxiao\desktop\typography\debug\typography.pdb
c:\users\luuxiao\desktop\typography\typography\debug\typography.tlog\cl.command.1.tlog
c:\users\luuxiao\desktop\typography\typography\debug\typography.tlog\cl.read.1.tlog
c:\users\luuxiao\desktop\typography\typography\debug\typography.tlog\cl.write.1.tlog
c:\users\luuxiao\desktop\typography\typography\debug\typography.tlog\link.command.1.tlog
c:\users\luuxiao\desktop\typography\typography\debug\typography.tlog\link.read.1.tlog
c:\users\luuxiao\desktop\typography\typography\debug\typography.tlog\link.write.1.tlog
